<?xml version="1.0" encoding="UTF-8"?>
<!-- Generated by org.testng.reporters.JUnitReportReporter -->
<testsuite hostname="DESKTOP-R0F08T0" failures="0" tests="1" name="stringProgramming.RemoveDuplicateWord" time="0.006" errors="0" timestamp="2021-12-30T20:05:16 IST" skipped="0">
  <testcase classname="stringProgramming.RemoveDuplicateWord" name="removeDuplicate" time="0.006"/>
  <system-out/>
</testsuite> <!-- stringProgramming.RemoveDuplicateWord -->
