<?xml version="1.0" encoding="UTF-8"?>
<!-- Generated by org.testng.reporters.JUnitReportReporter -->
<testsuite hostname="DESKTOP-R0F08T0" failures="0" tests="1" name="stringProgramming.NumberProgrmming" time="7.553" errors="0" timestamp="2022-01-30T00:16:31 IST" skipped="0">
  <testcase classname="stringProgramming.NumberProgrmming" name="fibonaci" time="7.553"/>
  <system-out/>
</testsuite> <!-- stringProgramming.NumberProgrmming -->
