<?xml version="1.0" encoding="UTF-8"?>
<!-- Generated by org.testng.reporters.JUnitReportReporter -->
<testsuite hostname="DESKTOP-R0F08T0" failures="0" tests="1" name="stringProgramming.Misslenious" time="0.007" errors="0" timestamp="2022-01-16T23:39:35 IST" skipped="0">
  <testcase classname="stringProgramming.Misslenious" name="readandSuminteger" time="0.007"/>
  <system-out/>
</testsuite> <!-- stringProgramming.Misslenious -->
