<?xml version="1.0" encoding="UTF-8"?>
<!-- Generated by org.testng.reporters.JUnitReportReporter -->
<testsuite hostname="DESKTOP-R0F08T0" failures="0" tests="1" name="stringProgramming.NoOfOccuranceOfEachCharacter" time="0.012" errors="0" timestamp="2022-01-25T16:26:26 IST" skipped="0">
  <testcase classname="stringProgramming.NoOfOccuranceOfEachCharacter" name="FindThePositionOfEachCharacter" time="0.012"/>
  <system-out/>
</testsuite> <!-- stringProgramming.NoOfOccuranceOfEachCharacter -->
