<?xml version="1.0" encoding="UTF-8"?>
<!-- Generated by org.testng.reporters.JUnitReportReporter -->
<testsuite hostname="DESKTOP-R0F08T0" failures="0" tests="1" name="Array_Programming.ArrayInAscendingOrder" time="0.010" errors="0" timestamp="2022-01-25T14:10:14 IST" skipped="0">
  <testcase classname="Array_Programming.ArrayInAscendingOrder" name="ItrateDependsOnKey" time="0.010"/>
  <system-out/>
</testsuite> <!-- Array_Programming.ArrayInAscendingOrder -->
