<?xml version="1.0" encoding="UTF-8"?>
<!-- Generated by org.testng.reporters.JUnitReportReporter -->
<testsuite hostname="DESKTOP-R0F08T0" failures="0" tests="1" name="stringProgramming.RemoveDuplicate" time="0.004" errors="0" timestamp="2021-12-23T15:51:45 IST" skipped="0">
  <testcase classname="stringProgramming.RemoveDuplicate" name="removeDuplicate" time="0.004"/>
  <system-out/>
</testsuite> <!-- stringProgramming.RemoveDuplicate -->
