<?xml version="1.0" encoding="UTF-8"?>
<!-- Generated by org.testng.reporters.JUnitReportReporter -->
<testsuite hostname="DESKTOP-R0F08T0" failures="0" tests="1" name="stringProgramming.NoOfOccuranceOfwords" time="0.005" errors="0" timestamp="2022-01-16T23:16:31 IST" skipped="0">
  <testcase classname="stringProgramming.NoOfOccuranceOfwords" name="makeUpperCaseOF1stletter" time="0.005"/>
  <system-out/>
</testsuite> <!-- stringProgramming.NoOfOccuranceOfwords -->
