<?xml version="1.0" encoding="UTF-8"?>
<!-- Generated by org.testng.reporters.JUnitReportReporter -->
<testsuite hostname="DESKTOP-R0F08T0" failures="0" tests="1" name="stringProgramming.Printingcharacters" time="6.483" errors="0" timestamp="2022-01-25T15:53:47 IST" skipped="0">
  <testcase classname="stringProgramming.Printingcharacters" name="print" time="6.483"/>
  <system-out/>
</testsuite> <!-- stringProgramming.Printingcharacters -->
